<?xml version="1.0" encoding="UTF-8"?>
<testng-results skipped="0" failed="1" ignored="0" total="3" passed="2">
  <reporter-output>
  </reporter-output>
  <suite name="FREE CRM Application Test Automation Test Suite" duration-ms="68703" started-at="2020-04-29T07:37:46 IST" finished-at="2020-04-29T07:38:54 IST">
    <groups>
    </groups>
    <test name="Free CRM App Test Cases" duration-ms="68703" started-at="2020-04-29T07:37:46 IST" finished-at="2020-04-29T07:38:54 IST">
      <class name="com.allurereports.test.LoginPageTest">
        <test-method status="PASS" signature="setUp()[pri:0, instance:com.allurereports.test.LoginPageTest@5f3b9c57]" name="setUp" is-config="true" duration-ms="19479" started-at="2020-04-29T07:37:46 IST" finished-at="2020-04-29T07:38:05 IST">
          <reporter-output>
          </reporter-output>
        </test-method> <!-- setUp -->
        <test-method status="FAIL" signature="loginPageTitleTest()[pri:1, instance:com.allurereports.test.LoginPageTest@5f3b9c57]" name="loginPageTitleTest" duration-ms="665" started-at="2020-04-29T07:38:06 IST" description="verifying login page title test" finished-at="2020-04-29T07:38:07 IST">
          <exception class="java.lang.AssertionError">
            <message>
              <![CDATA[expected [Free CRM #1 cloud software for any business large or small123] but found [Free CRM #1 cloud software for any business large or small]]]>
            </message>
            <full-stacktrace>
              <![CDATA[java.lang.AssertionError: expected [Free CRM #1 cloud software for any business large or small123] but found [Free CRM #1 cloud software for any business large or small]
at org.testng.Assert.fail(Assert.java:97)
at org.testng.Assert.assertEqualsImpl(Assert.java:136)
at org.testng.Assert.assertEquals(Assert.java:118)
at org.testng.Assert.assertEquals(Assert.java:575)
at org.testng.Assert.assertEquals(Assert.java:585)
at com.allurereports.test.LoginPageTest.loginPageTitleTest(LoginPageTest.java:56)
at sun.reflect.NativeMethodAccessorImpl.invoke0(Native Method)
at sun.reflect.NativeMethodAccessorImpl.invoke(NativeMethodAccessorImpl.java:62)
at sun.reflect.DelegatingMethodAccessorImpl.invoke(DelegatingMethodAccessorImpl.java:43)
at java.lang.reflect.Method.invoke(Method.java:498)
at org.testng.internal.MethodInvocationHelper.invokeMethod(MethodInvocationHelper.java:134)
at org.testng.internal.TestInvoker.invokeMethod(TestInvoker.java:597)
at org.testng.internal.TestInvoker.invokeTestMethod(TestInvoker.java:173)
at org.testng.internal.MethodRunner.runInSequence(MethodRunner.java:46)
at org.testng.internal.TestInvoker$MethodInvocationAgent.invoke(TestInvoker.java:816)
at org.testng.internal.TestInvoker.invokeTestMethods(TestInvoker.java:146)
at org.testng.internal.TestMethodWorker.invokeTestMethods(TestMethodWorker.java:146)
at org.testng.internal.TestMethodWorker.run(TestMethodWorker.java:128)
at java.util.ArrayList.forEach(ArrayList.java:1249)
at org.testng.TestRunner.privateRun(TestRunner.java:766)
at org.testng.TestRunner.run(TestRunner.java:587)
at org.testng.SuiteRunner.runTest(SuiteRunner.java:384)
at org.testng.SuiteRunner.runSequentially(SuiteRunner.java:378)
at org.testng.SuiteRunner.privateRun(SuiteRunner.java:337)
at org.testng.SuiteRunner.run(SuiteRunner.java:286)
at org.testng.SuiteRunnerWorker.runSuite(SuiteRunnerWorker.java:53)
at org.testng.SuiteRunnerWorker.run(SuiteRunnerWorker.java:96)
at org.testng.TestNG.runSuitesSequentially(TestNG.java:1187)
at org.testng.TestNG.runSuitesLocally(TestNG.java:1109)
at org.testng.TestNG.runSuites(TestNG.java:1039)
at org.testng.TestNG.run(TestNG.java:1007)
at org.apache.maven.surefire.testng.TestNGExecutor.run(TestNGExecutor.java:283)
at org.apache.maven.surefire.testng.TestNGXmlTestSuite.execute(TestNGXmlTestSuite.java:75)
at org.apache.maven.surefire.testng.TestNGProvider.invoke(TestNGProvider.java:120)
at org.apache.maven.surefire.booter.ForkedBooter.invokeProviderInSameClassLoader(ForkedBooter.java:386)
at org.apache.maven.surefire.booter.ForkedBooter.runSuitesInProcess(ForkedBooter.java:323)
at org.apache.maven.surefire.booter.ForkedBooter.main(ForkedBooter.java:143)
]]>
            </full-stacktrace>
          </exception> <!-- java.lang.AssertionError -->
          <reporter-output>
          </reporter-output>
        </test-method> <!-- loginPageTitleTest -->
        <test-method status="PASS" signature="tearDown()[pri:0, instance:com.allurereports.test.LoginPageTest@5f3b9c57]" name="tearDown" is-config="true" duration-ms="1129" started-at="2020-04-29T07:38:09 IST" finished-at="2020-04-29T07:38:10 IST">
          <reporter-output>
          </reporter-output>
        </test-method> <!-- tearDown -->
        <test-method status="PASS" signature="setUp()[pri:0, instance:com.allurereports.test.LoginPageTest@5f3b9c57]" name="setUp" is-config="true" duration-ms="13837" started-at="2020-04-29T07:38:10 IST" finished-at="2020-04-29T07:38:24 IST">
          <reporter-output>
          </reporter-output>
        </test-method> <!-- setUp -->
        <test-method status="PASS" signature="loginTest()[pri:2, instance:com.allurereports.test.LoginPageTest@5f3b9c57]" name="loginTest" duration-ms="11243" started-at="2020-04-29T07:38:24 IST" description="verifying login functionality" finished-at="2020-04-29T07:38:35 IST">
          <reporter-output>
          </reporter-output>
        </test-method> <!-- loginTest -->
        <test-method status="PASS" signature="tearDown()[pri:0, instance:com.allurereports.test.LoginPageTest@5f3b9c57]" name="tearDown" is-config="true" duration-ms="824" started-at="2020-04-29T07:38:35 IST" finished-at="2020-04-29T07:38:36 IST">
          <reporter-output>
          </reporter-output>
        </test-method> <!-- tearDown -->
        <test-method status="PASS" signature="setUp()[pri:0, instance:com.allurereports.test.LoginPageTest@5f3b9c57]" name="setUp" is-config="true" duration-ms="13159" started-at="2020-04-29T07:38:36 IST" finished-at="2020-04-29T07:38:49 IST">
          <reporter-output>
          </reporter-output>
        </test-method> <!-- setUp -->
        <test-method status="PASS" signature="signUpPageTest()[pri:3, instance:com.allurereports.test.LoginPageTest@5f3b9c57]" name="signUpPageTest" duration-ms="4321" started-at="2020-04-29T07:38:49 IST" description="verify sign page link test" finished-at="2020-04-29T07:38:53 IST">
          <reporter-output>
          </reporter-output>
        </test-method> <!-- signUpPageTest -->
        <test-method status="PASS" signature="tearDown()[pri:0, instance:com.allurereports.test.LoginPageTest@5f3b9c57]" name="tearDown" is-config="true" duration-ms="925" started-at="2020-04-29T07:38:53 IST" finished-at="2020-04-29T07:38:54 IST">
          <reporter-output>
          </reporter-output>
        </test-method> <!-- tearDown -->
      </class> <!-- com.allurereports.test.LoginPageTest -->
    </test> <!-- Free CRM App Test Cases -->
  </suite> <!-- FREE CRM Application Test Automation Test Suite -->
</testng-results>
