<?xml version="1.0" encoding="UTF-8"?>
<testng-results skipped="0" failed="1" ignored="0" total="3" passed="2">
  <reporter-output>
  </reporter-output>
  <suite name="FREE CRM Application Test Automation Test Suite" duration-ms="76367" started-at="2020-04-29T08:49:01 IST" finished-at="2020-04-29T08:50:17 IST">
    <groups>
    </groups>
    <test name="Free CRM App Test Cases" duration-ms="76367" started-at="2020-04-29T08:49:01 IST" finished-at="2020-04-29T08:50:17 IST">
      <class name="com.allurereports.test.LoginPageTest">
        <test-method status="PASS" signature="setUp()[pri:0, instance:com.allurereports.test.LoginPageTest@5922ae77]" name="setUp" is-config="true" duration-ms="23772" started-at="2020-04-29T08:49:01 IST" finished-at="2020-04-29T08:49:25 IST">
          <reporter-output>
          </reporter-output>
        </test-method> <!-- setUp -->
        <test-method status="FAIL" signature="loginPageTitleTest()[pri:1, instance:com.allurereports.test.LoginPageTest@5922ae77]" name="loginPageTitleTest" duration-ms="451" started-at="2020-04-29T08:49:25 IST" description="verifying login page title test" finished-at="2020-04-29T08:49:26 IST">
          <exception class="java.lang.AssertionError">
            <message>
              <![CDATA[expected [Free CRM #1 cloud software for any business large or small123] but found [Free CRM #1 cloud software for any business large or small]]]>
            </message>
            <full-stacktrace>
              <![CDATA[java.lang.AssertionError: expected [Free CRM #1 cloud software for any business large or small123] but found [Free CRM #1 cloud software for any business large or small]
at org.testng.Assert.fail(Assert.java:97)
at org.testng.Assert.assertEqualsImpl(Assert.java:136)
at org.testng.Assert.assertEquals(Assert.java:118)
at org.testng.Assert.assertEquals(Assert.java:575)
at org.testng.Assert.assertEquals(Assert.java:585)
at com.allurereports.test.LoginPageTest.loginPageTitleTest(LoginPageTest.java:56)
at sun.reflect.NativeMethodAccessorImpl.invoke0(Native Method)
at sun.reflect.NativeMethodAccessorImpl.invoke(NativeMethodAccessorImpl.java:62)
at sun.reflect.DelegatingMethodAccessorImpl.invoke(DelegatingMethodAccessorImpl.java:43)
at java.lang.reflect.Method.invoke(Method.java:498)
at org.testng.internal.MethodInvocationHelper.invokeMethod(MethodInvocationHelper.java:134)
at org.testng.internal.TestInvoker.invokeMethod(TestInvoker.java:597)
at org.testng.internal.TestInvoker.invokeTestMethod(TestInvoker.java:173)
at org.testng.internal.MethodRunner.runInSequence(MethodRunner.java:46)
at org.testng.internal.TestInvoker$MethodInvocationAgent.invoke(TestInvoker.java:816)
at org.testng.internal.TestInvoker.invokeTestMethods(TestInvoker.java:146)
at org.testng.internal.TestMethodWorker.invokeTestMethods(TestMethodWorker.java:146)
at org.testng.internal.TestMethodWorker.run(TestMethodWorker.java:128)
at java.util.ArrayList.forEach(ArrayList.java:1249)
at org.testng.TestRunner.privateRun(TestRunner.java:766)
at org.testng.TestRunner.run(TestRunner.java:587)
at org.testng.SuiteRunner.runTest(SuiteRunner.java:384)
at org.testng.SuiteRunner.runSequentially(SuiteRunner.java:378)
at org.testng.SuiteRunner.privateRun(SuiteRunner.java:337)
at org.testng.SuiteRunner.run(SuiteRunner.java:286)
at org.testng.SuiteRunnerWorker.runSuite(SuiteRunnerWorker.java:53)
at org.testng.SuiteRunnerWorker.run(SuiteRunnerWorker.java:96)
at org.testng.TestNG.runSuitesSequentially(TestNG.java:1187)
at org.testng.TestNG.runSuitesLocally(TestNG.java:1109)
at org.testng.TestNG.runSuites(TestNG.java:1039)
at org.testng.TestNG.run(TestNG.java:1007)
at org.testng.remote.AbstractRemoteTestNG.run(AbstractRemoteTestNG.java:115)
at org.testng.remote.RemoteTestNG.initAndRun(RemoteTestNG.java:251)
at org.testng.remote.RemoteTestNG.main(RemoteTestNG.java:77)
]]>
            </full-stacktrace>
          </exception> <!-- java.lang.AssertionError -->
          <reporter-output>
          </reporter-output>
        </test-method> <!-- loginPageTitleTest -->
        <test-method status="PASS" signature="tearDown()[pri:0, instance:com.allurereports.test.LoginPageTest@5922ae77]" name="tearDown" is-config="true" duration-ms="999" started-at="2020-04-29T08:49:29 IST" finished-at="2020-04-29T08:49:30 IST">
          <reporter-output>
          </reporter-output>
        </test-method> <!-- tearDown -->
        <test-method status="PASS" signature="setUp()[pri:0, instance:com.allurereports.test.LoginPageTest@5922ae77]" name="setUp" is-config="true" duration-ms="14261" started-at="2020-04-29T08:49:30 IST" finished-at="2020-04-29T08:49:44 IST">
          <reporter-output>
          </reporter-output>
        </test-method> <!-- setUp -->
        <test-method status="PASS" signature="loginTest()[pri:2, instance:com.allurereports.test.LoginPageTest@5922ae77]" name="loginTest" duration-ms="13975" started-at="2020-04-29T08:49:44 IST" description="verifying login functionality" finished-at="2020-04-29T08:49:58 IST">
          <reporter-output>
          </reporter-output>
        </test-method> <!-- loginTest -->
        <test-method status="PASS" signature="tearDown()[pri:0, instance:com.allurereports.test.LoginPageTest@5922ae77]" name="tearDown" is-config="true" duration-ms="799" started-at="2020-04-29T08:49:58 IST" finished-at="2020-04-29T08:49:59 IST">
          <reporter-output>
          </reporter-output>
        </test-method> <!-- tearDown -->
        <test-method status="PASS" signature="setUp()[pri:0, instance:com.allurereports.test.LoginPageTest@5922ae77]" name="setUp" is-config="true" duration-ms="12420" started-at="2020-04-29T08:49:59 IST" finished-at="2020-04-29T08:50:11 IST">
          <reporter-output>
          </reporter-output>
        </test-method> <!-- setUp -->
        <test-method status="PASS" signature="signUpPageTest()[pri:3, instance:com.allurereports.test.LoginPageTest@5922ae77]" name="signUpPageTest" duration-ms="4760" started-at="2020-04-29T08:50:11 IST" description="verify sign page link test" finished-at="2020-04-29T08:50:16 IST">
          <reporter-output>
          </reporter-output>
        </test-method> <!-- signUpPageTest -->
        <test-method status="PASS" signature="tearDown()[pri:0, instance:com.allurereports.test.LoginPageTest@5922ae77]" name="tearDown" is-config="true" duration-ms="1086" started-at="2020-04-29T08:50:16 IST" finished-at="2020-04-29T08:50:17 IST">
          <reporter-output>
          </reporter-output>
        </test-method> <!-- tearDown -->
      </class> <!-- com.allurereports.test.LoginPageTest -->
    </test> <!-- Free CRM App Test Cases -->
  </suite> <!-- FREE CRM Application Test Automation Test Suite -->
</testng-results>
